<?xml version="1.0" encoding="UTF-8"?>
<testsuite name="com.vacancyscout.controller.CompanyControllerTest" tests="1" skipped="0" failures="0" errors="0" timestamp="2026-07-10T10:25:42" hostname="ThinkBook14G6" time="0.294">
  <properties/>
  <testcase name="list_shouldReturnOk()" classname="com.vacancyscout.controller.CompanyControllerTest" time="0.294"/>
  <system-out><![CDATA[Standard Commons Logging discovery in action with spring-jcl: please remove commons-logging.jar from classpath in order to avoid potential conflicts
13:25:39.002 [Test worker] INFO org.springframework.test.context.support.AnnotationConfigContextLoaderUtils -- Could not detect default configuration classes for test class [com.vacancyscout.controller.CompanyControllerTest]: CompanyControllerTest does not declare any static, non-private, non-final, nested classes annotated with @Configuration.
13:25:39.199 [Test worker] INFO org.springframework.boot.test.context.SpringBootTestContextBootstrapper -- Found @SpringBootConfiguration com.vacancyscout.VacancyScoutApplication for test class com.vacancyscout.controller.CompanyControllerTest
  .   ____          _            __ _ _
 /\\ / ___'_ __ _ _(_)_ __  __ _ \ \ \ \
( ( )\___ | '_ | '_| | '_ \/ _` | \ \ \ \
 \\/  ___)| |_)| | | | | || (_| |  ) ) ) )
  '  |____| .__|_| |_|_| |_\__, | / / / /
 =========|_|==============|___/=/_/_/_/

 :: Spring Boot ::                (v3.3.0)

2026-07-10T13:25:39.926+03:00  WARN 68290 --- [vacancy-scout] [    Test worker] ory$DuplicateJsonObjectContextCustomizer : 

Found multiple occurrences of org.json.JSONObject on the class path:

	jar:file:/home/pavel/.gradle/caches/modules-2/files-2.1/com.vaadin.external.google/android-json/0.0.20131108.vaadin1/fa26d351fe62a6a17f5cda1287c1c6110dec413f/android-json-0.0.20131108.vaadin1.jar!/org/json/JSONObject.class
	jar:file:/home/pavel/.gradle/caches/modules-2/files-2.1/org.json/json/20240303/ebb88e8fb5122b7506d5cf1d69f1ccdb790d22a/json-20240303.jar!/org/json/JSONObject.class

You may wish to exclude one of them to ensure predictable runtime behavior

2026-07-10T13:25:39.941+03:00  INFO 68290 --- [vacancy-scout] [    Test worker] c.v.controller.CompanyControllerTest     : Starting CompanyControllerTest using Java 21.0.11 with PID 68290 (started by pavel in /home/pavel/Documents/projects/work_agregator/backend)
2026-07-10T13:25:39.942+03:00  INFO 68290 --- [vacancy-scout] [    Test worker] c.v.controller.CompanyControllerTest     : No active profile set, falling back to 1 default profile: "default"
2026-07-10T13:25:42.717+03:00  INFO 68290 --- [vacancy-scout] [    Test worker] c.v.controller.CompanyControllerTest     : Started CompanyControllerTest in 3.409 seconds (process running for 4.907)
]]></system-out>
  <system-err><![CDATA[WARNING: A Java agent has been loaded dynamically (/home/pavel/.gradle/caches/modules-2/files-2.1/net.bytebuddy/byte-buddy-agent/1.14.16/4a451ee6484abac3a498df0f3b33ed00a6fced4d/byte-buddy-agent-1.14.16.jar)
WARNING: If a serviceability tool is in use, please run with -XX:+EnableDynamicAgentLoading to hide this warning
WARNING: If a serviceability tool is not in use, please run with -Djdk.instrument.traceUsage for more information
WARNING: Dynamic loading of agents will be disallowed by default in a future release
]]></system-err>
</testsuite>
